<?xml version="1.0" encoding="utf-8"?>
<TestRun id="bf0cb985-d911-42b4-b058-35fd70aaaa16" name="@fedora 2022-05-07 19:10:35" xmlns="http://microsoft.com/schemas/VisualStudio/TeamTest/2010">
  <Times creation="2022-05-07T19:10:35.6342785+01:00" queuing="2022-05-07T19:10:35.6342786+01:00" start="2022-05-07T19:10:34.3724521+01:00" finish="2022-05-07T19:10:35.6437595+01:00" />
  <TestSettings name="default" id="9ab3c86d-f5cc-4ea6-b21f-8751e217587a">
    <Deployment runDeploymentRoot="_fedora_2022-05-07_19_10_35" />
  </TestSettings>
  <Results>
    <UnitTestResult executionId="b4cfb705-6f91-4d10-a21d-b0756539d49d" testId="e119b2b5-baca-bcd1-7866-3e12cd8aa9cf" testName="parser tests.stub parser test" computerName="fedora" duration="00:00:00.0739049" startTime="2022-05-07T19:10:35.5123053+01:00" endTime="2022-05-07T19:10:35.5123414+01:00" testType="13cdc9d9-ddb5-4fa4-a97d-d965ccfc6d4b" outcome="Passed" testListId="8c84fa94-04c1-424b-9868-57a2d4851a1d" relativeResultsDirectory="b4cfb705-6f91-4d10-a21d-b0756539d49d" />
  </Results>
  <TestDefinitions>
    <UnitTest name="parser tests.stub parser test" storage="/home/will/repositories/predciated/test/predicated.tests/bin/debug/net6.0/predicated.tests.dll" id="e119b2b5-baca-bcd1-7866-3e12cd8aa9cf">
      <Execution id="b4cfb705-6f91-4d10-a21d-b0756539d49d" />
      <TestMethod codeBase="/home/will/Repositories/Predciated/test/Predicated.Tests/bin/Debug/net6.0/Predicated.Tests.dll" adapterTypeName="executor://xunit/VsTestRunner2/netcoreapp" className="parser tests" name="stub parser test" />
    </UnitTest>
  </TestDefinitions>
  <TestEntries>
    <TestEntry testId="e119b2b5-baca-bcd1-7866-3e12cd8aa9cf" executionId="b4cfb705-6f91-4d10-a21d-b0756539d49d" testListId="8c84fa94-04c1-424b-9868-57a2d4851a1d" />
  </TestEntries>
  <TestLists>
    <TestList name="Results Not in a List" id="8c84fa94-04c1-424b-9868-57a2d4851a1d" />
    <TestList name="All Loaded Results" id="19431567-8539-422a-85d7-44ee4e166bda" />
  </TestLists>
  <ResultSummary outcome="Completed">
    <Counters total="1" executed="1" passed="1" failed="0" error="0" timeout="0" aborted="0" inconclusive="0" passedButRunAborted="0" notRunnable="0" notExecuted="0" disconnected="0" warning="0" completed="0" inProgress="0" pending="0" />
    <Output>
      <StdOut>[xUnit.net 00:00:00.00] xUnit.net VSTest Adapter v2.4.3+1b45f5407b (64-bit .NET 6.0.4)
[xUnit.net 00:00:00.43]   Discovering: Predicated.Tests
[xUnit.net 00:00:00.49]   Discovered:  Predicated.Tests
[xUnit.net 00:00:00.49]   Starting:    Predicated.Tests
[xUnit.net 00:00:00.64]   Finished:    Predicated.Tests
</StdOut>
    </Output>
  </ResultSummary>
</TestRun>